This file contains any messages produced by compilers while
running configure, to aid debugging if configure makes a mistake.

It was created by GNU OpenMP Runtime Library configure 1.0, which was
generated by GNU Autoconf 2.64.  Invocation command line was

  $ ./configure 

## --------- ##
## Platform. ##
## --------- ##

hostname = SiPas-machine
uname -m = x86_64
uname -r = 4.4.0-87-generic
uname -s = Linux
uname -v = #110-Ubuntu SMP Tue Jul 18 12:55:35 UTC 2017

/usr/bin/uname -p = unknown
/bin/uname -X     = unknown

/bin/arch              = unknown
/usr/bin/arch -k       = unknown
/usr/convex/getsysinfo = unknown
/usr/bin/hostinfo      = unknown
/bin/machine           = unknown
/usr/bin/oslevel       = unknown
/bin/universe          = unknown

PATH: /home/patrick/bin
PATH: /home/patrick/bin
PATH: /home/patrick/bin
PATH: /opt/intel/bin
PATH: /home/patrick/bin
PATH: /home/patrick/.local/bin
PATH: /usr/local/sbin
PATH: /usr/local/bin
PATH: /usr/sbin
PATH: /usr/bin
PATH: /sbin
PATH: /bin
PATH: /usr/games
PATH: /usr/local/games
PATH: /snap/bin
PATH: /opt/intel/lib


## ----------- ##
## Core tests. ##
## ----------- ##

configure:2550: checking for --enable-version-specific-runtime-libs
configure:2565: result: no
configure:2573: checking for --enable-generated-files-in-srcdir
configure:2588: result: no
configure:2645: checking build system type
configure:2659: result: x86_64-unknown-linux-gnu
configure:2679: checking host system type
configure:2692: result: x86_64-unknown-linux-gnu
configure:2712: checking target system type
configure:2725: result: x86_64-unknown-linux-gnu
configure:2782: checking for a BSD-compatible install
configure:2850: result: /usr/bin/install -c
configure:2861: checking whether build environment is sane
configure:2911: result: yes
configure:3052: checking for a thread-safe mkdir -p
configure:3091: result: /bin/mkdir -p
configure:3104: checking for gawk
configure:3134: result: no
configure:3104: checking for mawk
configure:3120: found /usr/bin/mawk
configure:3131: result: mawk
configure:3142: checking whether make sets $(MAKE)
configure:3164: result: yes

## ---------------- ##
## Cache variables. ##
## ---------------- ##

ac_cv_build=x86_64-unknown-linux-gnu
ac_cv_env_CPPFLAGS_set=
ac_cv_env_CPPFLAGS_value=
ac_cv_env_CPP_set=
ac_cv_env_CPP_value=
ac_cv_env_FCFLAGS_set=
ac_cv_env_FCFLAGS_value=
ac_cv_env_FC_set=
ac_cv_env_FC_value=
ac_cv_env_LDFLAGS_set=
ac_cv_env_LDFLAGS_value=
ac_cv_env_LIBS_set=
ac_cv_env_LIBS_value=
ac_cv_env_build_alias_set=
ac_cv_env_build_alias_value=
ac_cv_env_host_alias_set=
ac_cv_env_host_alias_value=
ac_cv_env_target_alias_set=
ac_cv_env_target_alias_value=
ac_cv_host=x86_64-unknown-linux-gnu
ac_cv_path_install='/usr/bin/install -c'
ac_cv_path_mkdir=/bin/mkdir
ac_cv_prog_AWK=mawk
ac_cv_prog_make_make_set=yes
ac_cv_target=x86_64-unknown-linux-gnu

## ----------------- ##
## Output variables. ##
## ----------------- ##

ACLOCAL=''
AMDEPBACKSLASH=''
AMDEP_FALSE=''
AMDEP_TRUE=''
AMTAR=''
AR=''
AUTOCONF=''
AUTOHEADER=''
AUTOMAKE=''
AWK='mawk'
BUILD_INFO_FALSE=''
BUILD_INFO_TRUE=''
CC=''
CCDEPMODE=''
CFLAGS=''
CPP=''
CPPFLAGS=''
CYGPATH_W=''
DEFS=''
DEPDIR=''
DSYMUTIL=''
DUMPBIN=''
ECHO_C=''
ECHO_N='-n'
ECHO_T=''
EGREP=''
EXEEXT=''
FC=''
FCFLAGS=''
FGREP=''
GENINSRC_FALSE=''
GENINSRC_TRUE='#'
GREP=''
INSTALL_DATA='${INSTALL} -m 644'
INSTALL_PROGRAM='${INSTALL}'
INSTALL_SCRIPT='${INSTALL}'
INSTALL_STRIP_PROGRAM='$(install_sh) -c -s'
LD=''
LDFLAGS=''
LIBGOMP_BUILD_VERSIONED_SHLIB_FALSE=''
LIBGOMP_BUILD_VERSIONED_SHLIB_GNU_FALSE=''
LIBGOMP_BUILD_VERSIONED_SHLIB_GNU_TRUE=''
LIBGOMP_BUILD_VERSIONED_SHLIB_SUN_FALSE=''
LIBGOMP_BUILD_VERSIONED_SHLIB_SUN_TRUE=''
LIBGOMP_BUILD_VERSIONED_SHLIB_TRUE=''
LIBOBJS=''
LIBS=''
LIBTOOL=''
LIPO=''
LN_S=''
LTLIBOBJS=''
MAINT=''
MAINTAINER_MODE_FALSE=''
MAINTAINER_MODE_TRUE=''
MAKEINFO=''
MKDIR_P='/bin/mkdir -p'
NM=''
NMEDIT=''
OBJDUMP=''
OBJEXT=''
OMP_LOCK_25_ALIGN=''
OMP_LOCK_25_KIND=''
OMP_LOCK_25_SIZE=''
OMP_LOCK_ALIGN=''
OMP_LOCK_KIND=''
OMP_LOCK_SIZE=''
OMP_NEST_LOCK_25_ALIGN=''
OMP_NEST_LOCK_25_KIND=''
OMP_NEST_LOCK_25_SIZE=''
OMP_NEST_LOCK_ALIGN=''
OMP_NEST_LOCK_KIND=''
OMP_NEST_LOCK_SIZE=''
OPT_LDFLAGS=''
OTOOL64=''
OTOOL=''
PACKAGE=''
PACKAGE_BUGREPORT=''
PACKAGE_NAME='GNU OpenMP Runtime Library'
PACKAGE_STRING='GNU OpenMP Runtime Library 1.0'
PACKAGE_TARNAME='libgomp'
PACKAGE_URL='http://www.gnu.org/software/libgomp/'
PACKAGE_VERSION='1.0'
PATH_SEPARATOR=':'
PERL=''
RANLIB=''
SECTION_LDFLAGS=''
SED=''
SET_MAKE=''
SHELL='/bin/bash'
STRIP=''
USE_FORTRAN_FALSE=''
USE_FORTRAN_TRUE=''
VERSION=''
XCFLAGS=''
XLDFLAGS=''
ac_ct_CC=''
ac_ct_DUMPBIN=''
ac_ct_FC=''
am__EXEEXT_FALSE=''
am__EXEEXT_TRUE=''
am__fastdepCC_FALSE=''
am__fastdepCC_TRUE=''
am__include=''
am__isrc=''
am__leading_dot=''
am__quote=''
am__tar=''
am__untar=''
bindir='${exec_prefix}/bin'
build='x86_64-unknown-linux-gnu'
build_alias=''
build_cpu='x86_64'
build_os='linux-gnu'
build_vendor='unknown'
config_path=''
datadir='${datarootdir}'
datarootdir='${prefix}/share'
docdir='${datarootdir}/doc/${PACKAGE_TARNAME}'
dvidir='${docdir}'
enable_shared=''
enable_static=''
exec_prefix='NONE'
host='x86_64-unknown-linux-gnu'
host_alias=''
host_cpu='x86_64'
host_os='linux-gnu'
host_vendor='unknown'
htmldir='${docdir}'
includedir='${prefix}/include'
infodir='${datarootdir}/info'
install_sh='${SHELL} /home/patrick/Desktop/pedroopenmp/libgomp/src/install-sh'
libdir='${exec_prefix}/lib'
libexecdir='${exec_prefix}/libexec'
libtool_VERSION=''
link_gomp=''
localedir='${datarootdir}/locale'
localstatedir='${prefix}/var'
lt_host_flags=''
mandir='${datarootdir}/man'
mkdir_p='/bin/mkdir -p'
multi_basedir=''
oldincludedir='/usr/include'
pdfdir='${docdir}'
prefix='NONE'
program_transform_name='s,x,x,'
psdir='${docdir}'
sbindir='${exec_prefix}/sbin'
sharedstatedir='${prefix}/com'
sysconfdir='${prefix}/etc'
target='x86_64-unknown-linux-gnu'
target_alias=''
target_cpu='x86_64'
target_os='linux-gnu'
target_vendor='unknown'
toolexecdir=''
toolexeclibdir=''

## ----------- ##
## confdefs.h. ##
## ----------- ##

/* confdefs.h */
#define PACKAGE_NAME "GNU OpenMP Runtime Library"
#define PACKAGE_TARNAME "libgomp"
#define PACKAGE_VERSION "1.0"
#define PACKAGE_STRING "GNU OpenMP Runtime Library 1.0"
#define PACKAGE_BUGREPORT ""
#define PACKAGE_URL "http://www.gnu.org/software/libgomp/"

configure: caught signal 2
configure: exit 1
